2025-04-27 21:16:06,153 - streamlit_app - INFO - 사용자 입력: 안녕
2025-04-27 21:16:06,153 - streamlit_app - INFO - 채팅 히스토리가 업데이트되었습니다
2025-04-27 21:16:06,170 - streamlit_app - INFO - 사용자 입력: 안녕
2025-04-27 21:16:06,170 - streamlit_app - INFO - 채팅 히스토리가 업데이트되었습니다
2025-04-27 21:16:06,187 - streamlit_app - INFO - 사용자 입력: 안녕
2025-04-27 21:16:06,187 - streamlit_app - INFO - 채팅 히스토리가 업데이트되었습니다
2025-04-27 21:16:06,205 - streamlit_app - INFO - 사용자 입력: 안녕
2025-04-27 21:16:06,205 - streamlit_app - INFO - 채팅 히스토리가 업데이트되었습니다
2025-04-27 21:16:06,224 - streamlit_app - INFO - 사용자 입력: 안녕
2025-04-27 21:16:06,224 - streamlit_app - INFO - 채팅 히스토리가 업데이트되었습니다
2025-04-27 21:16:06,244 - streamlit_app - INFO - 사용자 입력: 안녕
2025-04-27 21:16:06,244 - streamlit_app - INFO - 채팅 히스토리가 업데이트되었습니다
2025-04-27 21:16:06,262 - streamlit_app - INFO - 사용자 입력: 안녕
2025-04-27 21:16:06,263 - streamlit_app - INFO - 채팅 히스토리가 업데이트되었습니다
2025-04-27 21:16:06,281 - streamlit_app - INFO - 사용자 입력: 안녕
2025-04-27 21:16:06,281 - streamlit_app - INFO - 채팅 히스토리가 업데이트되었습니다
2025-04-27 21:16:06,301 - streamlit_app - INFO - 사용자 입력: 안녕
2025-04-27 21:16:06,301 - streamlit_app - INFO - 채팅 히스토리가 업데이트되었습니다
2025-04-27 21:16:06,321 - streamlit_app - INFO - 사용자 입력: 안녕
2025-04-27 21:16:06,321 - streamlit_app - INFO - 채팅 히스토리가 업데이트되었습니다
2025-04-27 21:16:06,340 - streamlit_app - INFO - 사용자 입력: 안녕
2025-04-27 21:16:06,340 - streamlit_app - INFO - 채팅 히스토리가 업데이트되었습니다
2025-04-27 21:16:06,360 - streamlit_app - INFO - 사용자 입력: 안녕
2025-04-27 21:16:06,360 - streamlit_app - INFO - 채팅 히스토리가 업데이트되었습니다
2025-04-27 21:16:06,381 - streamlit_app - INFO - 사용자 입력: 안녕
2025-04-27 21:16:06,381 - streamlit_app - INFO - 채팅 히스토리가 업데이트되었습니다
2025-04-27 21:16:06,403 - streamlit_app - INFO - 사용자 입력: 안녕
2025-04-27 21:16:06,404 - streamlit_app - INFO - 채팅 히스토리가 업데이트되었습니다
2025-04-27 21:16:06,426 - streamlit_app - INFO - 사용자 입력: 안녕
2025-04-27 21:16:06,426 - streamlit_app - INFO - 채팅 히스토리가 업데이트되었습니다
2025-04-27 21:16:06,448 - streamlit_app - INFO - 사용자 입력: 안녕
2025-04-27 21:16:06,448 - streamlit_app - INFO - 채팅 히스토리가 업데이트되었습니다
2025-04-27 21:16:06,470 - streamlit_app - INFO - 사용자 입력: 안녕
2025-04-27 21:16:06,470 - streamlit_app - INFO - 채팅 히스토리가 업데이트되었습니다
2025-04-27 21:16:06,494 - streamlit_app - INFO - 사용자 입력: 안녕
2025-04-27 21:16:06,494 - streamlit_app - INFO - 채팅 히스토리가 업데이트되었습니다
2025-04-27 21:16:06,519 - streamlit_app - INFO - 사용자 입력: 안녕
2025-04-27 21:16:06,519 - streamlit_app - INFO - 채팅 히스토리가 업데이트되었습니다
2025-04-27 21:16:06,542 - streamlit_app - INFO - 사용자 입력: 안녕
2025-04-27 21:16:06,543 - streamlit_app - INFO - 채팅 히스토리가 업데이트되었습니다
2025-04-27 21:16:06,566 - streamlit_app - INFO - 사용자 입력: 안녕
2025-04-27 21:16:06,566 - streamlit_app - INFO - 채팅 히스토리가 업데이트되었습니다
2025-04-27 21:16:06,591 - streamlit_app - INFO - 사용자 입력: 안녕
2025-04-27 21:16:06,591 - streamlit_app - INFO - 채팅 히스토리가 업데이트되었습니다
2025-04-27 21:16:06,617 - streamlit_app - INFO - 사용자 입력: 안녕
2025-04-27 21:16:06,617 - streamlit_app - INFO - 채팅 히스토리가 업데이트되었습니다
2025-04-27 21:16:06,642 - streamlit_app - INFO - 사용자 입력: 안녕
2025-04-27 21:16:06,643 - streamlit_app - INFO - 채팅 히스토리가 업데이트되었습니다
2025-04-27 21:16:06,667 - streamlit_app - INFO - 사용자 입력: 안녕
2025-04-27 21:16:06,668 - streamlit_app - INFO - 채팅 히스토리가 업데이트되었습니다
2025-04-27 21:16:06,697 - streamlit_app - INFO - 사용자 입력: 안녕
2025-04-27 21:16:06,697 - streamlit_app - INFO - 채팅 히스토리가 업데이트되었습니다
2025-04-27 21:16:06,724 - streamlit_app - INFO - 사용자 입력: 안녕
2025-04-27 21:16:06,724 - streamlit_app - INFO - 채팅 히스토리가 업데이트되었습니다
2025-04-27 21:16:06,754 - streamlit_app - INFO - 사용자 입력: 안녕
2025-04-27 21:16:06,754 - streamlit_app - INFO - 채팅 히스토리가 업데이트되었습니다
2025-04-27 21:16:06,781 - streamlit_app - INFO - 사용자 입력: 안녕
2025-04-27 21:16:06,781 - streamlit_app - INFO - 채팅 히스토리가 업데이트되었습니다
2025-04-27 21:16:06,809 - streamlit_app - INFO - 사용자 입력: 안녕
2025-04-27 21:16:06,809 - streamlit_app - INFO - 채팅 히스토리가 업데이트되었습니다
2025-04-27 21:16:06,839 - streamlit_app - INFO - 사용자 입력: 안녕
2025-04-27 21:16:06,839 - streamlit_app - INFO - 채팅 히스토리가 업데이트되었습니다
2025-04-27 21:16:06,870 - streamlit_app - INFO - 사용자 입력: 안녕
2025-04-27 21:16:06,870 - streamlit_app - INFO - 채팅 히스토리가 업데이트되었습니다
2025-04-27 21:16:06,904 - streamlit_app - INFO - 사용자 입력: 안녕
2025-04-27 21:16:06,904 - streamlit_app - INFO - 채팅 히스토리가 업데이트되었습니다
2025-04-27 21:16:06,943 - streamlit_app - INFO - 사용자 입력: 안녕
2025-04-27 21:16:06,943 - streamlit_app - INFO - 채팅 히스토리가 업데이트되었습니다
2025-04-27 21:16:06,983 - streamlit_app - INFO - 사용자 입력: 안녕
2025-04-27 21:16:06,983 - streamlit_app - INFO - 채팅 히스토리가 업데이트되었습니다
2025-04-27 21:16:07,024 - streamlit_app - INFO - 사용자 입력: 안녕
2025-04-27 21:16:07,024 - streamlit_app - INFO - 채팅 히스토리가 업데이트되었습니다
2025-04-27 21:16:07,062 - streamlit_app - INFO - 사용자 입력: 안녕
2025-04-27 21:16:07,062 - streamlit_app - INFO - 채팅 히스토리가 업데이트되었습니다
2025-04-27 21:16:07,096 - streamlit_app - INFO - 사용자 입력: 안녕
2025-04-27 21:16:07,096 - streamlit_app - INFO - 채팅 히스토리가 업데이트되었습니다
2025-04-27 21:16:07,129 - streamlit_app - INFO - 사용자 입력: 안녕
2025-04-27 21:16:07,129 - streamlit_app - INFO - 채팅 히스토리가 업데이트되었습니다
2025-04-27 21:16:07,164 - streamlit_app - INFO - 사용자 입력: 안녕
2025-04-27 21:16:07,164 - streamlit_app - INFO - 채팅 히스토리가 업데이트되었습니다
2025-04-27 21:16:07,209 - streamlit_app - INFO - 사용자 입력: 안녕
2025-04-27 21:16:07,209 - streamlit_app - INFO - 채팅 히스토리가 업데이트되었습니다
2025-04-27 21:16:07,251 - streamlit_app - INFO - 사용자 입력: 안녕
2025-04-27 21:16:07,251 - streamlit_app - INFO - 채팅 히스토리가 업데이트되었습니다
2025-04-27 21:16:07,298 - streamlit_app - INFO - 사용자 입력: 안녕
2025-04-27 21:16:07,298 - streamlit_app - INFO - 채팅 히스토리가 업데이트되었습니다
2025-04-27 21:16:07,341 - streamlit_app - INFO - 사용자 입력: 안녕
2025-04-27 21:16:07,341 - streamlit_app - INFO - 채팅 히스토리가 업데이트되었습니다
2025-04-27 21:16:07,380 - streamlit_app - INFO - 사용자 입력: 안녕
2025-04-27 21:16:07,380 - streamlit_app - INFO - 채팅 히스토리가 업데이트되었습니다
2025-04-27 21:16:07,419 - streamlit_app - INFO - 사용자 입력: 안녕
2025-04-27 21:16:07,419 - streamlit_app - INFO - 채팅 히스토리가 업데이트되었습니다
2025-04-27 21:16:07,458 - streamlit_app - INFO - 사용자 입력: 안녕
2025-04-27 21:16:07,458 - streamlit_app - INFO - 채팅 히스토리가 업데이트되었습니다
2025-04-27 21:16:07,497 - streamlit_app - INFO - 사용자 입력: 안녕
2025-04-27 21:16:07,497 - streamlit_app - INFO - 채팅 히스토리가 업데이트되었습니다
2025-04-27 21:16:07,537 - streamlit_app - INFO - 사용자 입력: 안녕
2025-04-27 21:16:07,537 - streamlit_app - INFO - 채팅 히스토리가 업데이트되었습니다
2025-04-27 21:16:07,579 - streamlit_app - INFO - 사용자 입력: 안녕
2025-04-27 21:16:07,580 - streamlit_app - INFO - 채팅 히스토리가 업데이트되었습니다
2025-04-27 21:16:07,621 - streamlit_app - INFO - 사용자 입력: 안녕
2025-04-27 21:16:07,622 - streamlit_app - INFO - 채팅 히스토리가 업데이트되었습니다
2025-04-27 21:16:07,664 - streamlit_app - INFO - 사용자 입력: 안녕
2025-04-27 21:16:07,664 - streamlit_app - INFO - 채팅 히스토리가 업데이트되었습니다
2025-04-27 21:16:07,707 - streamlit_app - INFO - 사용자 입력: 안녕
2025-04-27 21:16:07,707 - streamlit_app - INFO - 채팅 히스토리가 업데이트되었습니다
2025-04-27 21:16:07,751 - streamlit_app - INFO - 사용자 입력: 안녕
2025-04-27 21:16:07,751 - streamlit_app - INFO - 채팅 히스토리가 업데이트되었습니다
2025-04-27 21:16:07,797 - streamlit_app - INFO - 사용자 입력: 안녕
2025-04-27 21:16:07,797 - streamlit_app - INFO - 채팅 히스토리가 업데이트되었습니다
2025-04-27 21:16:07,841 - streamlit_app - INFO - 사용자 입력: 안녕
2025-04-27 21:16:07,841 - streamlit_app - INFO - 채팅 히스토리가 업데이트되었습니다
2025-04-27 21:16:07,885 - streamlit_app - INFO - 사용자 입력: 안녕
2025-04-27 21:16:07,886 - streamlit_app - INFO - 채팅 히스토리가 업데이트되었습니다
2025-04-27 21:16:07,930 - streamlit_app - INFO - 사용자 입력: 안녕
2025-04-27 21:16:07,930 - streamlit_app - INFO - 채팅 히스토리가 업데이트되었습니다
2025-04-27 21:16:07,973 - streamlit_app - INFO - 사용자 입력: 안녕
2025-04-27 21:16:07,973 - streamlit_app - INFO - 채팅 히스토리가 업데이트되었습니다
2025-04-27 21:16:08,020 - streamlit_app - INFO - 사용자 입력: 안녕
2025-04-27 21:16:08,020 - streamlit_app - INFO - 채팅 히스토리가 업데이트되었습니다
2025-04-27 21:16:08,066 - streamlit_app - INFO - 사용자 입력: 안녕
2025-04-27 21:16:08,066 - streamlit_app - INFO - 채팅 히스토리가 업데이트되었습니다
2025-04-27 21:16:08,114 - streamlit_app - INFO - 사용자 입력: 안녕
2025-04-27 21:16:08,114 - streamlit_app - INFO - 채팅 히스토리가 업데이트되었습니다
2025-04-27 21:16:08,163 - streamlit_app - INFO - 사용자 입력: 안녕
2025-04-27 21:16:08,163 - streamlit_app - INFO - 채팅 히스토리가 업데이트되었습니다
2025-04-27 21:16:08,214 - streamlit_app - INFO - 사용자 입력: 안녕
2025-04-27 21:16:08,214 - streamlit_app - INFO - 채팅 히스토리가 업데이트되었습니다
2025-04-27 21:16:08,262 - streamlit_app - INFO - 사용자 입력: 안녕
2025-04-27 21:16:08,262 - streamlit_app - INFO - 채팅 히스토리가 업데이트되었습니다
2025-04-27 21:16:08,313 - streamlit_app - INFO - 사용자 입력: 안녕
2025-04-27 21:16:08,313 - streamlit_app - INFO - 채팅 히스토리가 업데이트되었습니다
2025-04-27 21:16:08,365 - streamlit_app - INFO - 사용자 입력: 안녕
2025-04-27 21:16:08,365 - streamlit_app - INFO - 채팅 히스토리가 업데이트되었습니다
2025-04-27 21:16:08,415 - streamlit_app - INFO - 사용자 입력: 안녕
2025-04-27 21:16:08,416 - streamlit_app - INFO - 채팅 히스토리가 업데이트되었습니다
2025-04-27 21:16:08,466 - streamlit_app - INFO - 사용자 입력: 안녕
2025-04-27 21:16:08,466 - streamlit_app - INFO - 채팅 히스토리가 업데이트되었습니다
2025-04-27 21:16:08,519 - streamlit_app - INFO - 사용자 입력: 안녕
2025-04-27 21:16:08,519 - streamlit_app - INFO - 채팅 히스토리가 업데이트되었습니다
2025-04-27 21:16:08,574 - streamlit_app - INFO - 사용자 입력: 안녕
2025-04-27 21:16:08,574 - streamlit_app - INFO - 채팅 히스토리가 업데이트되었습니다
2025-04-27 21:16:08,629 - streamlit_app - INFO - 사용자 입력: 안녕
2025-04-27 21:16:08,629 - streamlit_app - INFO - 채팅 히스토리가 업데이트되었습니다
2025-04-27 21:16:08,683 - streamlit_app - INFO - 사용자 입력: 안녕
2025-04-27 21:16:08,684 - streamlit_app - INFO - 채팅 히스토리가 업데이트되었습니다
2025-04-27 21:16:08,737 - streamlit_app - INFO - 사용자 입력: 안녕
2025-04-27 21:16:08,738 - streamlit_app - INFO - 채팅 히스토리가 업데이트되었습니다
2025-04-27 21:16:08,794 - streamlit_app - INFO - 사용자 입력: 안녕
2025-04-27 21:16:08,794 - streamlit_app - INFO - 채팅 히스토리가 업데이트되었습니다
2025-04-27 21:16:08,850 - streamlit_app - INFO - 사용자 입력: 안녕
2025-04-27 21:16:08,850 - streamlit_app - INFO - 채팅 히스토리가 업데이트되었습니다
2025-04-27 21:16:08,908 - streamlit_app - INFO - 사용자 입력: 안녕
2025-04-27 21:16:08,908 - streamlit_app - INFO - 채팅 히스토리가 업데이트되었습니다
2025-04-27 21:16:08,968 - streamlit_app - INFO - 사용자 입력: 안녕
2025-04-27 21:16:08,968 - streamlit_app - INFO - 채팅 히스토리가 업데이트되었습니다
2025-04-27 21:16:09,026 - streamlit_app - INFO - 사용자 입력: 안녕
2025-04-27 21:16:09,026 - streamlit_app - INFO - 채팅 히스토리가 업데이트되었습니다
2025-04-27 21:16:09,086 - streamlit_app - INFO - 사용자 입력: 안녕
2025-04-27 21:16:09,086 - streamlit_app - INFO - 채팅 히스토리가 업데이트되었습니다
2025-04-27 21:16:09,148 - streamlit_app - INFO - 사용자 입력: 안녕
2025-04-27 21:16:09,148 - streamlit_app - INFO - 채팅 히스토리가 업데이트되었습니다
2025-04-27 21:16:09,212 - streamlit_app - INFO - 사용자 입력: 안녕
2025-04-27 21:16:09,212 - streamlit_app - INFO - 채팅 히스토리가 업데이트되었습니다
2025-04-27 21:16:09,274 - streamlit_app - INFO - 사용자 입력: 안녕
2025-04-27 21:16:09,275 - streamlit_app - INFO - 채팅 히스토리가 업데이트되었습니다
2025-04-27 21:16:09,337 - streamlit_app - INFO - 사용자 입력: 안녕
2025-04-27 21:16:09,337 - streamlit_app - INFO - 채팅 히스토리가 업데이트되었습니다
2025-04-27 21:16:09,401 - streamlit_app - INFO - 사용자 입력: 안녕
2025-04-27 21:16:09,401 - streamlit_app - INFO - 채팅 히스토리가 업데이트되었습니다
2025-04-27 21:16:09,465 - streamlit_app - INFO - 사용자 입력: 안녕
2025-04-27 21:16:09,465 - streamlit_app - INFO - 채팅 히스토리가 업데이트되었습니다
2025-04-27 21:16:09,530 - streamlit_app - INFO - 사용자 입력: 안녕
2025-04-27 21:16:09,530 - streamlit_app - INFO - 채팅 히스토리가 업데이트되었습니다
2025-04-27 21:16:09,593 - streamlit_app - INFO - 사용자 입력: 안녕
2025-04-27 21:16:09,593 - streamlit_app - INFO - 채팅 히스토리가 업데이트되었습니다
2025-04-27 21:16:09,658 - streamlit_app - INFO - 사용자 입력: 안녕
2025-04-27 21:16:09,658 - streamlit_app - INFO - 채팅 히스토리가 업데이트되었습니다
2025-04-27 21:16:09,724 - streamlit_app - INFO - 사용자 입력: 안녕
2025-04-27 21:16:09,725 - streamlit_app - INFO - 채팅 히스토리가 업데이트되었습니다
2025-04-27 21:16:09,793 - streamlit_app - INFO - 사용자 입력: 안녕
2025-04-27 21:16:09,793 - streamlit_app - INFO - 채팅 히스토리가 업데이트되었습니다
2025-04-27 21:16:09,848 - streamlit_app - INFO - 사용자 입력: 안녕
2025-04-27 21:16:09,849 - streamlit_app - INFO - 채팅 히스토리가 업데이트되었습니다
2025-04-27 21:16:09,905 - streamlit_app - INFO - 사용자 입력: 안녕
2025-04-27 21:16:09,905 - streamlit_app - INFO - 채팅 히스토리가 업데이트되었습니다
2025-04-27 21:16:09,962 - streamlit_app - INFO - 사용자 입력: 안녕
2025-04-27 21:16:09,962 - streamlit_app - INFO - 채팅 히스토리가 업데이트되었습니다
2025-04-27 21:16:10,024 - streamlit_app - INFO - 사용자 입력: 안녕
2025-04-27 21:16:10,025 - streamlit_app - INFO - 채팅 히스토리가 업데이트되었습니다
2025-04-27 21:16:10,084 - streamlit_app - INFO - 사용자 입력: 안녕
2025-04-27 21:16:10,084 - streamlit_app - INFO - 채팅 히스토리가 업데이트되었습니다
2025-04-27 21:16:10,141 - streamlit_app - INFO - 사용자 입력: 안녕
2025-04-27 21:16:10,141 - streamlit_app - INFO - 채팅 히스토리가 업데이트되었습니다
2025-04-27 21:16:10,199 - streamlit_app - INFO - 사용자 입력: 안녕
2025-04-27 21:16:10,199 - streamlit_app - INFO - 채팅 히스토리가 업데이트되었습니다
2025-04-27 21:16:10,261 - streamlit_app - INFO - 사용자 입력: 안녕
2025-04-27 21:16:10,261 - streamlit_app - INFO - 채팅 히스토리가 업데이트되었습니다
2025-04-27 21:16:10,322 - streamlit_app - INFO - 사용자 입력: 안녕
2025-04-27 21:16:10,322 - streamlit_app - INFO - 채팅 히스토리가 업데이트되었습니다
2025-04-27 21:16:10,383 - streamlit_app - INFO - 사용자 입력: 안녕
2025-04-27 21:16:10,383 - streamlit_app - INFO - 채팅 히스토리가 업데이트되었습니다
2025-04-27 21:16:10,447 - streamlit_app - INFO - 사용자 입력: 안녕
2025-04-27 21:16:10,447 - streamlit_app - INFO - 채팅 히스토리가 업데이트되었습니다
2025-04-27 21:16:10,511 - streamlit_app - INFO - 사용자 입력: 안녕
2025-04-27 21:16:10,511 - streamlit_app - INFO - 채팅 히스토리가 업데이트되었습니다
2025-04-27 21:16:10,573 - streamlit_app - INFO - 사용자 입력: 안녕
2025-04-27 21:16:10,573 - streamlit_app - INFO - 채팅 히스토리가 업데이트되었습니다
2025-04-27 21:16:10,637 - streamlit_app - INFO - 사용자 입력: 안녕
2025-04-27 21:16:10,638 - streamlit_app - INFO - 채팅 히스토리가 업데이트되었습니다
2025-04-27 21:16:10,703 - streamlit_app - INFO - 사용자 입력: 안녕
2025-04-27 21:16:10,703 - streamlit_app - INFO - 채팅 히스토리가 업데이트되었습니다
2025-04-27 21:16:10,771 - streamlit_app - INFO - 사용자 입력: 안녕
2025-04-27 21:16:10,771 - streamlit_app - INFO - 채팅 히스토리가 업데이트되었습니다
2025-04-27 21:16:10,836 - streamlit_app - INFO - 사용자 입력: 안녕
2025-04-27 21:16:10,836 - streamlit_app - INFO - 채팅 히스토리가 업데이트되었습니다
2025-04-27 21:16:10,904 - streamlit_app - INFO - 사용자 입력: 안녕
2025-04-27 21:16:10,904 - streamlit_app - INFO - 채팅 히스토리가 업데이트되었습니다
2025-04-27 21:16:10,971 - streamlit_app - INFO - 사용자 입력: 안녕
2025-04-27 21:16:10,971 - streamlit_app - INFO - 채팅 히스토리가 업데이트되었습니다
2025-04-27 21:16:11,041 - streamlit_app - INFO - 사용자 입력: 안녕
2025-04-27 21:16:11,041 - streamlit_app - INFO - 채팅 히스토리가 업데이트되었습니다
2025-04-27 21:16:11,112 - streamlit_app - INFO - 사용자 입력: 안녕
2025-04-27 21:16:11,113 - streamlit_app - INFO - 채팅 히스토리가 업데이트되었습니다
2025-04-27 21:16:11,184 - streamlit_app - INFO - 사용자 입력: 안녕
2025-04-27 21:16:11,184 - streamlit_app - INFO - 채팅 히스토리가 업데이트되었습니다
2025-04-27 21:16:11,253 - streamlit_app - INFO - 사용자 입력: 안녕
2025-04-27 21:16:11,253 - streamlit_app - INFO - 채팅 히스토리가 업데이트되었습니다
2025-04-27 21:16:11,325 - streamlit_app - INFO - 사용자 입력: 안녕
2025-04-27 21:16:11,325 - streamlit_app - INFO - 채팅 히스토리가 업데이트되었습니다
2025-04-27 21:16:11,398 - streamlit_app - INFO - 사용자 입력: 안녕
2025-04-27 21:16:11,398 - streamlit_app - INFO - 채팅 히스토리가 업데이트되었습니다
2025-04-27 21:16:11,471 - streamlit_app - INFO - 사용자 입력: 안녕
2025-04-27 21:16:11,471 - streamlit_app - INFO - 채팅 히스토리가 업데이트되었습니다
2025-04-27 21:16:11,548 - streamlit_app - INFO - 사용자 입력: 안녕
2025-04-27 21:16:11,548 - streamlit_app - INFO - 채팅 히스토리가 업데이트되었습니다
2025-04-27 21:16:11,622 - streamlit_app - INFO - 사용자 입력: 안녕
2025-04-27 21:16:11,622 - streamlit_app - INFO - 채팅 히스토리가 업데이트되었습니다
2025-04-27 21:16:11,698 - streamlit_app - INFO - 사용자 입력: 안녕
2025-04-27 21:16:11,698 - streamlit_app - INFO - 채팅 히스토리가 업데이트되었습니다
2025-04-27 21:16:11,775 - streamlit_app - INFO - 사용자 입력: 안녕
2025-04-27 21:16:11,775 - streamlit_app - INFO - 채팅 히스토리가 업데이트되었습니다
2025-04-27 21:16:11,851 - streamlit_app - INFO - 사용자 입력: 안녕
2025-04-27 21:16:11,851 - streamlit_app - INFO - 채팅 히스토리가 업데이트되었습니다
2025-04-27 21:16:11,929 - streamlit_app - INFO - 사용자 입력: 안녕
2025-04-27 21:16:11,929 - streamlit_app - INFO - 채팅 히스토리가 업데이트되었습니다
2025-04-27 21:16:12,007 - streamlit_app - INFO - 사용자 입력: 안녕
2025-04-27 21:16:12,008 - streamlit_app - INFO - 채팅 히스토리가 업데이트되었습니다
2025-04-27 21:16:12,087 - streamlit_app - INFO - 사용자 입력: 안녕
2025-04-27 21:16:12,087 - streamlit_app - INFO - 채팅 히스토리가 업데이트되었습니다
2025-04-27 21:16:12,167 - streamlit_app - INFO - 사용자 입력: 안녕
2025-04-27 21:16:12,168 - streamlit_app - INFO - 채팅 히스토리가 업데이트되었습니다
2025-04-27 21:16:12,248 - streamlit_app - INFO - 사용자 입력: 안녕
2025-04-27 21:16:12,248 - streamlit_app - INFO - 채팅 히스토리가 업데이트되었습니다
2025-04-27 21:16:12,329 - streamlit_app - INFO - 사용자 입력: 안녕
2025-04-27 21:16:12,329 - streamlit_app - INFO - 채팅 히스토리가 업데이트되었습니다
2025-04-27 21:16:12,412 - streamlit_app - INFO - 사용자 입력: 안녕
2025-04-27 21:16:12,412 - streamlit_app - INFO - 채팅 히스토리가 업데이트되었습니다
2025-04-27 21:16:12,495 - streamlit_app - INFO - 사용자 입력: 안녕
2025-04-27 21:16:12,495 - streamlit_app - INFO - 채팅 히스토리가 업데이트되었습니다
2025-04-27 21:16:12,579 - streamlit_app - INFO - 사용자 입력: 안녕
2025-04-27 21:16:12,579 - streamlit_app - INFO - 채팅 히스토리가 업데이트되었습니다
2025-04-27 21:16:12,663 - streamlit_app - INFO - 사용자 입력: 안녕
2025-04-27 21:16:12,664 - streamlit_app - INFO - 채팅 히스토리가 업데이트되었습니다
2025-04-27 21:16:12,748 - streamlit_app - INFO - 사용자 입력: 안녕
2025-04-27 21:16:12,748 - streamlit_app - INFO - 채팅 히스토리가 업데이트되었습니다
2025-04-27 21:16:12,835 - streamlit_app - INFO - 사용자 입력: 안녕
2025-04-27 21:16:12,835 - streamlit_app - INFO - 채팅 히스토리가 업데이트되었습니다
2025-04-27 21:16:12,920 - streamlit_app - INFO - 사용자 입력: 안녕
2025-04-27 21:16:12,921 - streamlit_app - INFO - 채팅 히스토리가 업데이트되었습니다
2025-04-27 21:16:13,008 - streamlit_app - INFO - 사용자 입력: 안녕
2025-04-27 21:16:13,008 - streamlit_app - INFO - 채팅 히스토리가 업데이트되었습니다
2025-04-27 21:16:13,096 - streamlit_app - INFO - 사용자 입력: 안녕
2025-04-27 21:16:13,097 - streamlit_app - INFO - 채팅 히스토리가 업데이트되었습니다
2025-04-27 21:16:13,186 - streamlit_app - INFO - 사용자 입력: 안녕
2025-04-27 21:16:13,186 - streamlit_app - INFO - 채팅 히스토리가 업데이트되었습니다
2025-04-27 21:16:13,276 - streamlit_app - INFO - 사용자 입력: 안녕
2025-04-27 21:16:13,276 - streamlit_app - INFO - 채팅 히스토리가 업데이트되었습니다
2025-04-27 21:16:13,367 - streamlit_app - INFO - 사용자 입력: 안녕
2025-04-27 21:16:13,367 - streamlit_app - INFO - 채팅 히스토리가 업데이트되었습니다
2025-04-27 21:16:13,460 - streamlit_app - INFO - 사용자 입력: 안녕
2025-04-27 21:16:13,460 - streamlit_app - INFO - 채팅 히스토리가 업데이트되었습니다
2025-04-27 21:16:13,554 - streamlit_app - INFO - 사용자 입력: 안녕
2025-04-27 21:16:13,555 - streamlit_app - INFO - 채팅 히스토리가 업데이트되었습니다
2025-04-27 21:16:13,649 - streamlit_app - INFO - 사용자 입력: 안녕
2025-04-27 21:16:13,649 - streamlit_app - INFO - 채팅 히스토리가 업데이트되었습니다
2025-04-27 21:16:13,744 - streamlit_app - INFO - 사용자 입력: 안녕
2025-04-27 21:16:13,744 - streamlit_app - INFO - 채팅 히스토리가 업데이트되었습니다
2025-04-27 21:16:13,844 - streamlit_app - INFO - 사용자 입력: 안녕
2025-04-27 21:16:13,844 - streamlit_app - INFO - 채팅 히스토리가 업데이트되었습니다
2025-04-27 21:16:13,943 - streamlit_app - INFO - 사용자 입력: 안녕
2025-04-27 21:16:13,943 - streamlit_app - INFO - 채팅 히스토리가 업데이트되었습니다
2025-04-27 21:16:14,047 - streamlit_app - INFO - 사용자 입력: 안녕
2025-04-27 21:16:14,047 - streamlit_app - INFO - 채팅 히스토리가 업데이트되었습니다
2025-04-27 21:16:14,150 - streamlit_app - INFO - 사용자 입력: 안녕
2025-04-27 21:16:14,150 - streamlit_app - INFO - 채팅 히스토리가 업데이트되었습니다
2025-04-27 21:16:14,250 - streamlit_app - INFO - 사용자 입력: 안녕
2025-04-27 21:16:14,250 - streamlit_app - INFO - 채팅 히스토리가 업데이트되었습니다
2025-04-27 21:16:14,351 - streamlit_app - INFO - 사용자 입력: 안녕
2025-04-27 21:16:14,351 - streamlit_app - INFO - 채팅 히스토리가 업데이트되었습니다
2025-04-27 21:16:14,453 - streamlit_app - INFO - 사용자 입력: 안녕
2025-04-27 21:16:14,453 - streamlit_app - INFO - 채팅 히스토리가 업데이트되었습니다
2025-04-27 21:16:14,555 - streamlit_app - INFO - 사용자 입력: 안녕
2025-04-27 21:16:14,555 - streamlit_app - INFO - 채팅 히스토리가 업데이트되었습니다
2025-04-27 21:16:14,658 - streamlit_app - INFO - 사용자 입력: 안녕
2025-04-27 21:16:14,658 - streamlit_app - INFO - 채팅 히스토리가 업데이트되었습니다
2025-04-27 21:16:14,763 - streamlit_app - INFO - 사용자 입력: 안녕
2025-04-27 21:16:14,763 - streamlit_app - INFO - 채팅 히스토리가 업데이트되었습니다
2025-04-27 21:16:14,870 - streamlit_app - INFO - 사용자 입력: 안녕
2025-04-27 21:16:14,870 - streamlit_app - INFO - 채팅 히스토리가 업데이트되었습니다
2025-04-27 21:16:14,977 - streamlit_app - INFO - 사용자 입력: 안녕
2025-04-27 21:16:14,977 - streamlit_app - INFO - 채팅 히스토리가 업데이트되었습니다
2025-04-27 21:16:15,084 - streamlit_app - INFO - 사용자 입력: 안녕
2025-04-27 21:16:15,084 - streamlit_app - INFO - 채팅 히스토리가 업데이트되었습니다
2025-04-27 21:16:15,194 - streamlit_app - INFO - 사용자 입력: 안녕
2025-04-27 21:16:15,194 - streamlit_app - INFO - 채팅 히스토리가 업데이트되었습니다
2025-04-27 21:16:15,303 - streamlit_app - INFO - 사용자 입력: 안녕
2025-04-27 21:16:15,303 - streamlit_app - INFO - 채팅 히스토리가 업데이트되었습니다
2025-04-27 21:16:15,416 - streamlit_app - INFO - 사용자 입력: 안녕
2025-04-27 21:16:15,416 - streamlit_app - INFO - 채팅 히스토리가 업데이트되었습니다
2025-04-27 21:16:15,529 - streamlit_app - INFO - 사용자 입력: 안녕
2025-04-27 21:16:15,530 - streamlit_app - INFO - 채팅 히스토리가 업데이트되었습니다
2025-04-27 21:16:15,643 - streamlit_app - INFO - 사용자 입력: 안녕
2025-04-27 21:16:15,643 - streamlit_app - INFO - 채팅 히스토리가 업데이트되었습니다
2025-04-27 21:16:15,754 - streamlit_app - INFO - 사용자 입력: 안녕
2025-04-27 21:16:15,754 - streamlit_app - INFO - 채팅 히스토리가 업데이트되었습니다
2025-04-27 21:16:15,867 - streamlit_app - INFO - 사용자 입력: 안녕
2025-04-27 21:16:15,867 - streamlit_app - INFO - 채팅 히스토리가 업데이트되었습니다
2025-04-27 21:16:15,982 - streamlit_app - INFO - 사용자 입력: 안녕
2025-04-27 21:16:15,982 - streamlit_app - INFO - 채팅 히스토리가 업데이트되었습니다
2025-04-27 21:16:16,096 - streamlit_app - INFO - 사용자 입력: 안녕
2025-04-27 21:16:16,096 - streamlit_app - INFO - 채팅 히스토리가 업데이트되었습니다
2025-04-27 21:16:16,217 - streamlit_app - INFO - 사용자 입력: 안녕
2025-04-27 21:16:16,217 - streamlit_app - INFO - 채팅 히스토리가 업데이트되었습니다
2025-04-27 21:16:16,334 - streamlit_app - INFO - 사용자 입력: 안녕
2025-04-27 21:16:16,334 - streamlit_app - INFO - 채팅 히스토리가 업데이트되었습니다
2025-04-27 21:16:16,447 - asyncio - ERROR - Task exception was never retrieved
future: <Task finished name='Task-1249' coro=<WebSocketProtocol13.write_message.<locals>.wrapper() done, defined at C:\Users\dhsmf\anaconda3\Lib\site-packages\tornado\websocket.py:1085> exception=WebSocketClosedError()>
Traceback (most recent call last):
  File "C:\Users\dhsmf\anaconda3\Lib\site-packages\streamlit\web\bootstrap.py", line 347, in run
    if asyncio.get_running_loop().is_running():
       ^^^^^^^^^^^^^^^^^^^^^^^^^^
RuntimeError: no running event loop

During handling of the above exception, another exception occurred:

Traceback (most recent call last):
  File "C:\Users\dhsmf\anaconda3\Lib\site-packages\tornado\websocket.py", line 1087, in wrapper
    await fut
tornado.iostream.StreamClosedError: Stream is closed

During handling of the above exception, another exception occurred:

Traceback (most recent call last):
  File "C:\Users\dhsmf\anaconda3\Lib\site-packages\tornado\websocket.py", line 1089, in wrapper
    raise WebSocketClosedError()
tornado.websocket.WebSocketClosedError
2025-04-27 21:18:01,390 - streamlit_app - INFO - 사용자 입력: 안녕
2025-04-27 21:18:01,390 - streamlit_app - INFO - 채팅 히스토리가 업데이트되었습니다
